#-----------------------------------------------------------
# Vivado v2018.2 (64-bit)
# SW Build 2258646 on Thu Jun 14 20:03:12 MDT 2018
# IP Build 2256618 on Thu Jun 14 22:10:49 MDT 2018
# Start of session at: Fri Nov 23 17:04:14 2018
# Process ID: 13776
# Current directory: C:/Users/Ahmed/Desktop/FP_subtraction
# Command line: vivado.exe -gui_launcher_event rodinguilauncherevent10776 C:\Users\Ahmed\Desktop\FP_subtraction\FP_subtraction.xpr
# Log file: C:/Users/Ahmed/Desktop/FP_subtraction/vivado.log
# Journal file: C:/Users/Ahmed/Desktop/FP_subtraction\vivado.jou
#-----------------------------------------------------------
start_gui
open_project C:/Users/Ahmed/Desktop/FP_subtraction/FP_subtraction.xpr
INFO: [Project 1-313] Project file moved from 'C:/Users/Danny/Desktop/Vivado/FP_subtraction' since last save.
Scanning sources...
Finished scanning sources
INFO: [Project 1-230] Project 'FP_subtraction.xpr' upgraded for this version of Vivado.
INFO: [IP_Flow 19-234] Refreshing IP repositories
INFO: [IP_Flow 19-1704] No user IP repositories specified
INFO: [IP_Flow 19-2313] Loaded Vivado IP repository 'C:/Xilinx/Vivado/2018.2/data/ip'.
open_project: Time (s): cpu = 00:00:26 ; elapsed = 00:00:12 . Memory (MB): peak = 767.301 ; gain = 58.574
update_compile_order -fileset sources_1
exit
INFO: [Common 17-206] Exiting Vivado at Sat Nov 24 17:33:38 2018...
