#-----------------------------------------------------------
# Vivado v2018.2 (64-bit)
# SW Build 2258646 on Thu Jun 14 20:03:12 MDT 2018
# IP Build 2256618 on Thu Jun 14 22:10:49 MDT 2018
# Start of session at: Tue Nov 27 20:03:36 2018
# Process ID: 12784
# Current directory: C:/Users/Ahmed/Desktop/FP_MULT
# Command line: vivado.exe -gui_launcher_event rodinguilauncherevent20532 C:\Users\Ahmed\Desktop\FP_MULT\FP_MULT.xpr
# Log file: C:/Users/Ahmed/Desktop/FP_MULT/vivado.log
# Journal file: C:/Users/Ahmed/Desktop/FP_MULT\vivado.jou
#-----------------------------------------------------------
start_gui
open_project C:/Users/Ahmed/Desktop/FP_MULT/FP_MULT.xpr
Scanning sources...
Finished scanning sources
INFO: [IP_Flow 19-234] Refreshing IP repositories
INFO: [IP_Flow 19-1704] No user IP repositories specified
INFO: [IP_Flow 19-2313] Loaded Vivado IP repository 'C:/Xilinx/Vivado/2018.2/data/ip'.
open_project: Time (s): cpu = 00:00:23 ; elapsed = 00:00:15 . Memory (MB): peak = 766.277 ; gain = 64.992
update_compile_order -fileset sources_1
exit
INFO: [Common 17-206] Exiting Vivado at Tue Nov 27 20:07:02 2018...
