#-----------------------------------------------------------
# Vivado v2018.2 (64-bit)
# SW Build 2258646 on Thu Jun 14 20:03:12 MDT 2018
# IP Build 2256618 on Thu Jun 14 22:10:49 MDT 2018
# Start of session at: Mon Sep  2 14:19:22 2019
# Process ID: 6596
# Current directory: C:/Users/Ahmed/Desktop/School/fall18/FP_MULT
# Command line: vivado.exe -gui_launcher_event rodinguilauncherevent14712 C:\Users\Ahmed\Desktop\School\fall18\FP_MULT\FP_MULT.xpr
# Log file: C:/Users/Ahmed/Desktop/School/fall18/FP_MULT/vivado.log
# Journal file: C:/Users/Ahmed/Desktop/School/fall18/FP_MULT\vivado.jou
#-----------------------------------------------------------
start_gui
open_project C:/Users/Ahmed/Desktop/School/fall18/FP_MULT/FP_MULT.xpr
INFO: [Project 1-313] Project file moved from 'C:/Users/Ahmed/Desktop/FP_MULT' since last save.
Scanning sources...
Finished scanning sources
INFO: [IP_Flow 19-234] Refreshing IP repositories
INFO: [IP_Flow 19-1704] No user IP repositories specified
INFO: [IP_Flow 19-2313] Loaded Vivado IP repository 'C:/Xilinx/Vivado/2018.2/data/ip'.
INFO: [Common 17-41] Interrupt caught. Command should exit soon.
INFO: [Common 17-344] 'open_project' was cancelled
exit
INFO: [Common 17-206] Exiting Vivado at Tue Sep  3 13:15:07 2019...
